Arguments: 
  D:\nodejs\node.exe C:\Users\minu\AppData\Roaming\npm\node_modules\yarn\bin\yarn.js add vue-

PATH: 
  D:\Program Files\cmder\vendor\git-for-windows\mingw64\bin;D:\Program Files\cmder\vendor\git-for-windows\usr\bin;C:\Users\minu\bin;C:\Users\minu\Desktop\wenxin2\node_modules\.bin;C:\WINDOWS\system32;C:\WINDOWS;C:\WINDOWS\System32\Wbem;C:\WINDOWS\System32\WindowsPowerShell\v1.0;C:\WINDOWS\System32\OpenSSH;C:\Program Files (x86)\NVIDIA Corporation\PhysX\Common;D:\nodejs;C:\Users\minu\AppData\Roaming\npm;D:\yarn\bin;D:\hugo;C:\Users\minu\AppData\Local\Programs\Python\Python38-32\Scripts;C:\Users\minu\AppData\Local\Programs\Python\Python38-32;C:\Users\minu\AppData\Local\Microsoft\WindowsApps;C:\Users\minu\AppData\Local\Programs\Microsoft VS Code\bin;C:\Users\minu\AppData\Local\Yarn\bin;C:\Program Files\JetBrains\WebStorm 2020.1.1\bin

Yarn version: 
  1.22.4

Node version: 
  10.19.0

Platform: 
  win32 x64

Trace: 
  Error: https://registry.npm.taobao.org/vue-: Not found
      at Request.params.callback [as _callback] (C:\Users\minu\AppData\Roaming\npm\node_modules\yarn\lib\cli.js:66987:18)
      at Request.self.callback (C:\Users\minu\AppData\Roaming\npm\node_modules\yarn\lib\cli.js:140748:22)
      at Request.emit (events.js:198:13)
      at Request.<anonymous> (C:\Users\minu\AppData\Roaming\npm\node_modules\yarn\lib\cli.js:141720:10)
      at Request.emit (events.js:198:13)
      at IncomingMessage.<anonymous> (C:\Users\minu\AppData\Roaming\npm\node_modules\yarn\lib\cli.js:141642:12)
      at Object.onceWrapper (events.js:286:20)
      at IncomingMessage.emit (events.js:203:15)
      at endReadableNT (_stream_readable.js:1145:12)
      at process._tickCallback (internal/process/next_tick.js:63:19)

npm manifest: 
  {
    "dependencies": {
      "axios": "^0.19.2",
      "clamp": "^1.0.1",
      "dayjs": "^1.8.29",
      "easing": "^1.2.1",
      "jquery": "^3.5.1",
      "vue": "^2.6.11",
      "vue-router": "^3.3.4"
    }
  }

yarn manifest: 
  No manifest

Lockfile: 
  # THIS IS AN AUTOGENERATED FILE. DO NOT EDIT THIS FILE DIRECTLY.
  # yarn lockfile v1
  
  
  axios@^0.19.2:
    version "0.19.2"
    resolved "https://registry.npm.taobao.org/axios/download/axios-0.19.2.tgz#3ea36c5d8818d0d5f8a8a97a6d36b86cdc00cb27"
    integrity sha1-PqNsXYgY0NX4qKl6bTa4bNwAyyc=
    dependencies:
      follow-redirects "1.5.10"
  
  clamp@^1.0.1:
    version "1.0.1"
    resolved "https://registry.npm.taobao.org/clamp/download/clamp-1.0.1.tgz#66a0e64011816e37196828fdc8c8c147312c8634"
    integrity sha1-ZqDmQBGBbjcZaCj9yMjBRzEshjQ=
  
  dayjs@^1.8.29:
    version "1.8.29"
    resolved "https://registry.npm.taobao.org/dayjs/download/dayjs-1.8.29.tgz?cache=0&sync_timestamp=1593704641222&other_urls=https%3A%2F%2Fregistry.npm.taobao.org%2Fdayjs%2Fdownload%2Fdayjs-1.8.29.tgz#5d23e341de6bfbd206c01136d2fb0f01877820f5"
    integrity sha1-XSPjQd5r+9IGwBE20vsPAYd4IPU=
  
  debug@=3.1.0:
    version "3.1.0"
    resolved "https://registry.npm.taobao.org/debug/download/debug-3.1.0.tgz?cache=0&sync_timestamp=1589891993007&other_urls=https%3A%2F%2Fregistry.npm.taobao.org%2Fdebug%2Fdownload%2Fdebug-3.1.0.tgz#5bb5a0672628b64149566ba16819e61518c67261"
    integrity sha1-W7WgZyYotkFJVmuhaBnmFRjGcmE=
    dependencies:
      ms "2.0.0"
  
  easing@^1.2.1:
    version "1.2.1"
    resolved "https://registry.npm.taobao.org/easing/download/easing-1.2.1.tgz#f68a1146853b57a9eda7cfdde32cd7d8a5adc813"
    integrity sha1-9ooRRoU7V6ntp8/d4yzX2KWtyBM=
  
  follow-redirects@1.5.10:
    version "1.5.10"
    resolved "https://registry.npm.taobao.org/follow-redirects/download/follow-redirects-1.5.10.tgz?cache=0&sync_timestamp=1592518405361&other_urls=https%3A%2F%2Fregistry.npm.taobao.org%2Ffollow-redirects%2Fdownload%2Ffollow-redirects-1.5.10.tgz#7b7a9f9aea2fdff36786a94ff643ed07f4ff5e2a"
    integrity sha1-e3qfmuov3/NnhqlP9kPtB/T/Xio=
    dependencies:
      debug "=3.1.0"
  
  jquery@^3.5.1:
    version "3.5.1"
    resolved "https://registry.npm.taobao.org/jquery/download/jquery-3.5.1.tgz#d7b4d08e1bfdb86ad2f1a3d039ea17304717abb5"
    integrity sha1-17TQjhv9uGrS8aPQOeoXMEcXq7U=
  
  ms@2.0.0:
    version "2.0.0"
    resolved "https://registry.npm.taobao.org/ms/download/ms-2.0.0.tgz#5608aeadfc00be6c2901df5f9861788de0d597c8"
    integrity sha1-VgiurfwAvmwpAd9fmGF4jeDVl8g=
  
  vue-router@^3.3.4:
    version "3.3.4"
    resolved "https://registry.npm.taobao.org/vue-router/download/vue-router-3.3.4.tgz?cache=0&sync_timestamp=1594111718735&other_urls=https%3A%2F%2Fregistry.npm.taobao.org%2Fvue-router%2Fdownload%2Fvue-router-3.3.4.tgz#4e38abc34a11c41b6c3d8244449a2e363ba6250b"
    integrity sha1-Tjirw0oRxBtsPYJERJouNjumJQs=
  
  vue@^2.6.11:
    version "2.6.11"
    resolved "https://registry.npm.taobao.org/vue/download/vue-2.6.11.tgz#76594d877d4b12234406e84e35275c6d514125c5"
    integrity sha1-dllNh31LEiNEBuhONSdcbVFBJcU=
